Logfile initialized
[INFO] logfile = /Users/Jean/TitaniumStudioWorkspaces/Apave/SlideMenuMultiWin/build.log
[DEBUG] /Users/Jean/Library/Application Support/Titanium/mobilesdk/osx/2.1.3.GA/android/builder.py install SlideMenuMultiWin /Users/Jean/Android/SDK /Users/Jean/TitaniumStudioWorkspaces/Apave/SlideMenuMultiWin fr.nartex.slidemenumultiwin 3
[INFO] Titanium SDK version: 2.1.3 (10/02/12 16:16 15997d0)
[DEBUG] Waiting for device to be ready ...
[TRACE] adb devices returned 1 devices/emulators
[DEBUG] Device connected... (waited 0 seconds)
[DEBUG] waited 0.063080 seconds on emulator to get ready
[DEBUG] fr.nartex.slidemenumultiwin installed? False
[INFO] Copying CommonJS modules...
[INFO] Copying project resources..
[INFO] Detected change in tiapp.xml, or assets deleted. Forcing full re-build...
[TRACE] COPYING CREATED FILE: /Users/Jean/TitaniumStudioWorkspaces/Apave/SlideMenuMultiWin/Resources/android/appicon.png => /Users/Jean/TitaniumStudioWorkspaces/Apave/SlideMenuMultiWin/build/android/bin/assets/Resources/appicon.png
[TRACE] COPYING CREATED FILE: /Users/Jean/TitaniumStudioWorkspaces/Apave/SlideMenuMultiWin/Resources/android/default.png => /Users/Jean/TitaniumStudioWorkspaces/Apave/SlideMenuMultiWin/build/android/bin/assets/Resources/default.png
[TRACE] COPYING CREATED FILE: /Users/Jean/TitaniumStudioWorkspaces/Apave/SlideMenuMultiWin/Resources/app.js => /Users/Jean/TitaniumStudioWorkspaces/Apave/SlideMenuMultiWin/build/android/bin/assets/Resources/app.js
[TRACE] COPYING CREATED FILE: /Users/Jean/TitaniumStudioWorkspaces/Apave/SlideMenuMultiWin/Resources/ChildWindow.js => /Users/Jean/TitaniumStudioWorkspaces/Apave/SlideMenuMultiWin/build/android/bin/assets/Resources/ChildWindow.js
[TRACE] COPYING CREATED FILE: /Users/Jean/TitaniumStudioWorkspaces/Apave/SlideMenuMultiWin/Resources/MainWindow.js => /Users/Jean/TitaniumStudioWorkspaces/Apave/SlideMenuMultiWin/build/android/bin/assets/Resources/MainWindow.js
[TRACE] COPYING CREATED FILE: /Users/Jean/TitaniumStudioWorkspaces/Apave/SlideMenuMultiWin/Resources/Menu.js => /Users/Jean/TitaniumStudioWorkspaces/Apave/SlideMenuMultiWin/build/android/bin/assets/Resources/Menu.js
[TRACE] COPYING CREATED FILE: /Users/Jean/TitaniumStudioWorkspaces/Apave/SlideMenuMultiWin/Resources/Window.js => /Users/Jean/TitaniumStudioWorkspaces/Apave/SlideMenuMultiWin/build/android/bin/assets/Resources/Window.js
[TRACE] Generating Java Classes
[DEBUG] Processing Android resource drawables
[DEBUG] app stylesheet => /Users/Jean/TitaniumStudioWorkspaces/Apave/SlideMenuMultiWin/build/android/gen/fr/nartex/slidemenumultiwin/ApplicationStylesheet.java
[DEBUG] copying app icon: /Users/Jean/TitaniumStudioWorkspaces/Apave/SlideMenuMultiWin/build/android/bin/assets/Resources/appicon.png
[DEBUG] generating theme.xml
[DEBUG] found drawable-long-land-hdpi splash screen at /Users/Jean/TitaniumStudioWorkspaces/Apave/SlideMenuMultiWin/Resources/android/images/res-long-land-hdpi/default.png
[DEBUG] copying /Users/Jean/TitaniumStudioWorkspaces/Apave/SlideMenuMultiWin/Resources/android/images/res-long-land-hdpi/default.png splash screen to /Users/Jean/TitaniumStudioWorkspaces/Apave/SlideMenuMultiWin/build/android/res/drawable-long-land-hdpi/background.png
[DEBUG] found drawable-long-land-ldpi splash screen at /Users/Jean/TitaniumStudioWorkspaces/Apave/SlideMenuMultiWin/Resources/android/images/res-long-land-ldpi/default.png
[DEBUG] copying /Users/Jean/TitaniumStudioWorkspaces/Apave/SlideMenuMultiWin/Resources/android/images/res-long-land-ldpi/default.png splash screen to /Users/Jean/TitaniumStudioWorkspaces/Apave/SlideMenuMultiWin/build/android/res/drawable-long-land-ldpi/background.png
[DEBUG] found drawable-long-port-hdpi splash screen at /Users/Jean/TitaniumStudioWorkspaces/Apave/SlideMenuMultiWin/Resources/android/images/res-long-port-hdpi/default.png
[DEBUG] copying /Users/Jean/TitaniumStudioWorkspaces/Apave/SlideMenuMultiWin/Resources/android/images/res-long-port-hdpi/default.png splash screen to /Users/Jean/TitaniumStudioWorkspaces/Apave/SlideMenuMultiWin/build/android/res/drawable-long-port-hdpi/background.png
[DEBUG] found drawable-long-port-ldpi splash screen at /Users/Jean/TitaniumStudioWorkspaces/Apave/SlideMenuMultiWin/Resources/android/images/res-long-port-ldpi/default.png
[DEBUG] copying /Users/Jean/TitaniumStudioWorkspaces/Apave/SlideMenuMultiWin/Resources/android/images/res-long-port-ldpi/default.png splash screen to /Users/Jean/TitaniumStudioWorkspaces/Apave/SlideMenuMultiWin/build/android/res/drawable-long-port-ldpi/background.png
[DEBUG] found drawable-notlong-land-hdpi splash screen at /Users/Jean/TitaniumStudioWorkspaces/Apave/SlideMenuMultiWin/Resources/android/images/res-notlong-land-hdpi/default.png
[DEBUG] copying /Users/Jean/TitaniumStudioWorkspaces/Apave/SlideMenuMultiWin/Resources/android/images/res-notlong-land-hdpi/default.png splash screen to /Users/Jean/TitaniumStudioWorkspaces/Apave/SlideMenuMultiWin/build/android/res/drawable-notlong-land-hdpi/background.png
[DEBUG] found drawable-notlong-land-ldpi splash screen at /Users/Jean/TitaniumStudioWorkspaces/Apave/SlideMenuMultiWin/Resources/android/images/res-notlong-land-ldpi/default.png
[DEBUG] copying /Users/Jean/TitaniumStudioWorkspaces/Apave/SlideMenuMultiWin/Resources/android/images/res-notlong-land-ldpi/default.png splash screen to /Users/Jean/TitaniumStudioWorkspaces/Apave/SlideMenuMultiWin/build/android/res/drawable-notlong-land-ldpi/background.png
[DEBUG] found drawable-notlong-land-mdpi splash screen at /Users/Jean/TitaniumStudioWorkspaces/Apave/SlideMenuMultiWin/Resources/android/images/res-notlong-land-mdpi/default.png
[DEBUG] copying /Users/Jean/TitaniumStudioWorkspaces/Apave/SlideMenuMultiWin/Resources/android/images/res-notlong-land-mdpi/default.png splash screen to /Users/Jean/TitaniumStudioWorkspaces/Apave/SlideMenuMultiWin/build/android/res/drawable-notlong-land-mdpi/background.png
[DEBUG] found drawable-notlong-port-hdpi splash screen at /Users/Jean/TitaniumStudioWorkspaces/Apave/SlideMenuMultiWin/Resources/android/images/res-notlong-port-hdpi/default.png
[DEBUG] copying /Users/Jean/TitaniumStudioWorkspaces/Apave/SlideMenuMultiWin/Resources/android/images/res-notlong-port-hdpi/default.png splash screen to /Users/Jean/TitaniumStudioWorkspaces/Apave/SlideMenuMultiWin/build/android/res/drawable-notlong-port-hdpi/background.png
[DEBUG] found drawable-notlong-port-ldpi splash screen at /Users/Jean/TitaniumStudioWorkspaces/Apave/SlideMenuMultiWin/Resources/android/images/res-notlong-port-ldpi/default.png
[DEBUG] copying /Users/Jean/TitaniumStudioWorkspaces/Apave/SlideMenuMultiWin/Resources/android/images/res-notlong-port-ldpi/default.png splash screen to /Users/Jean/TitaniumStudioWorkspaces/Apave/SlideMenuMultiWin/build/android/res/drawable-notlong-port-ldpi/background.png
[DEBUG] found drawable-notlong-port-mdpi splash screen at /Users/Jean/TitaniumStudioWorkspaces/Apave/SlideMenuMultiWin/Resources/android/images/res-notlong-port-mdpi/default.png
[DEBUG] copying /Users/Jean/TitaniumStudioWorkspaces/Apave/SlideMenuMultiWin/Resources/android/images/res-notlong-port-mdpi/default.png splash screen to /Users/Jean/TitaniumStudioWorkspaces/Apave/SlideMenuMultiWin/build/android/res/drawable-notlong-port-mdpi/background.png
[DEBUG] found splash screen at /Users/Jean/TitaniumStudioWorkspaces/Apave/SlideMenuMultiWin/build/android/bin/assets/Resources/default.png
[TRACE] Writing out AndroidManifest.xml
[DEBUG] adding /Users/Jean/TitaniumStudioWorkspaces/Apave/SlideMenuMultiWin/build/android/gen/fr/nartex/slidemenumultiwin/ApplicationStylesheet.java to javac build list
[DEBUG] adding /Users/Jean/TitaniumStudioWorkspaces/Apave/SlideMenuMultiWin/build/android/gen/fr/nartex/slidemenumultiwin/R.java to javac build list
[DEBUG] adding /Users/Jean/TitaniumStudioWorkspaces/Apave/SlideMenuMultiWin/build/android/gen/fr/nartex/slidemenumultiwin/SlidemenumultiwinActivity.java to javac build list
[DEBUG] adding /Users/Jean/TitaniumStudioWorkspaces/Apave/SlideMenuMultiWin/build/android/gen/fr/nartex/slidemenumultiwin/SlidemenumultiwinAppInfo.java to javac build list
[DEBUG] adding /Users/Jean/TitaniumStudioWorkspaces/Apave/SlideMenuMultiWin/build/android/gen/fr/nartex/slidemenumultiwin/SlidemenumultiwinApplication.java to javac build list
[DEBUG] Building Java Sources: "/Users/Jean/TitaniumStudioWorkspaces/Apave/SlideMenuMultiWin/build/android/gen/fr/nartex/slidemenumultiwin/ApplicationStylesheet.java" "/Users/Jean/TitaniumStudioWorkspaces/Apave/SlideMenuMultiWin/build/android/gen/fr/nartex/slidemenumultiwin/R.java" "/Users/Jean/TitaniumStudioWorkspaces/Apave/SlideMenuMultiWin/build/android/gen/fr/nartex/slidemenumultiwin/SlidemenumultiwinActivity.java" "/Users/Jean/TitaniumStudioWorkspaces/Apave/SlideMenuMultiWin/build/android/gen/fr/nartex/slidemenumultiwin/SlidemenumultiwinAppInfo.java" "/Users/Jean/TitaniumStudioWorkspaces/Apave/SlideMenuMultiWin/build/android/gen/fr/nartex/slidemenumultiwin/SlidemenumultiwinApplication.java"
[INFO] Compiling Android Resources... This could take some time
[DEBUG] Android classes.dex built
[DEBUG] creating unsigned apk: /Users/Jean/TitaniumStudioWorkspaces/Apave/SlideMenuMultiWin/build/android/bin/app-unsigned.apk
[DEBUG] from resource zip => assets/Resources/ChildWindow.js
[DEBUG] from resource zip => assets/Resources/MainWindow.js
[DEBUG] from resource zip => assets/Resources/Menu.js
[DEBUG] from resource zip => assets/Resources/Window.js
[DEBUG] from resource zip => assets/Resources/app.js
[DEBUG] from resource zip => assets/Resources/appicon.png
[DEBUG] from resource zip => assets/Resources/default.png
[DEBUG] from resource zip => assets/app.json
[DEBUG] from resource zip => assets/index.json
[DEBUG] from resource zip => assets/tiapp.xml
[DEBUG] from resource zip => res/drawable/appicon.png
[DEBUG] from resource zip => res/drawable/background.png
[DEBUG] from resource zip => res/layout/titanium_tabgroup.xml
[DEBUG] from resource zip => AndroidManifest.xml
[DEBUG] from resource zip => resources.arsc
[DEBUG] from resource zip => res/drawable-long-land-hdpi/background.png
[DEBUG] from resource zip => res/drawable-long-land-ldpi/background.png
[DEBUG] from resource zip => res/drawable-long-port-hdpi/background.png
[DEBUG] from resource zip => res/drawable-long-port-ldpi/background.png
[DEBUG] from resource zip => res/drawable-notlong-land-hdpi/background.png
[DEBUG] from resource zip => res/drawable-notlong-land-ldpi/background.png
[DEBUG] from resource zip => res/drawable-notlong-land-mdpi/background.png
[DEBUG] from resource zip => res/drawable-notlong-port-hdpi/background.png
[DEBUG] from resource zip => res/drawable-notlong-port-ldpi/background.png
[DEBUG] from resource zip => res/drawable-notlong-port-mdpi/background.png
[DEBUG] from JAR /Users/Jean/Library/Application Support/Titanium/mobilesdk/osx/2.1.3.GA/android/modules/titanium-ui.jar => ti/modules/titanium/ui/widget/webview/binding.js
[DEBUG] from JAR /Users/Jean/Library/Application Support/Titanium/mobilesdk/osx/2.1.3.GA/android/modules/titanium-ui.jar => ti/modules/titanium/ui/widget/webview/binding.min.js
[DEBUG] from JAR /Users/Jean/Library/Application Support/Titanium/mobilesdk/osx/2.1.3.GA/android/modules/titanium-ui.jar => ti/modules/titanium/ui/widget/webview/json2.js
[DEBUG] from JAR /Users/Jean/Library/Application Support/Titanium/mobilesdk/osx/2.1.3.GA/android/modules/titanium-ui.jar => ti/modules/titanium/ui/widget/webview/polling.js
[DEBUG] from JAR /Users/Jean/Library/Application Support/Titanium/mobilesdk/osx/2.1.3.GA/android/modules/titanium-ui.jar => ti/modules/titanium/ui/widget/webview/polling.min.js
[DEBUG] from JAR /Users/Jean/Library/Application Support/Titanium/mobilesdk/osx/2.1.3.GA/android/titanium.jar => org/appcelerator/titanium/build.properties
[DEBUG] from JAR /Users/Jean/Library/Application Support/Titanium/mobilesdk/osx/2.1.3.GA/android/titanium.jar => org/appcelerator/titanium/res/drawable/background.png
[DEBUG] from JAR /Users/Jean/Library/Application Support/Titanium/mobilesdk/osx/2.1.3.GA/android/titanium.jar => org/appcelerator/titanium/res/drawable/btn_check_buttonless_on.png
[DEBUG] from JAR /Users/Jean/Library/Application Support/Titanium/mobilesdk/osx/2.1.3.GA/android/titanium.jar => org/appcelerator/titanium/res/drawable/btn_check_buttonless_on_18.png
[DEBUG] from JAR /Users/Jean/Library/Application Support/Titanium/mobilesdk/osx/2.1.3.GA/android/titanium.jar => org/appcelerator/titanium/res/drawable/btn_check_buttonless_on_48.png
[DEBUG] from JAR /Users/Jean/Library/Application Support/Titanium/mobilesdk/osx/2.1.3.GA/android/titanium.jar => org/appcelerator/titanium/res/drawable/btn_more.png
[DEBUG] from JAR /Users/Jean/Library/Application Support/Titanium/mobilesdk/osx/2.1.3.GA/android/titanium.jar => org/appcelerator/titanium/res/drawable/btn_more_18.png
[DEBUG] from JAR /Users/Jean/Library/Application Support/Titanium/mobilesdk/osx/2.1.3.GA/android/titanium.jar => org/appcelerator/titanium/res/drawable/btn_more_48.png
[DEBUG] from JAR /Users/Jean/Library/Application Support/Titanium/mobilesdk/osx/2.1.3.GA/android/titanium.jar => org/appcelerator/titanium/res/drawable/btn_picker_normal.9.png
[DEBUG] from JAR /Users/Jean/Library/Application Support/Titanium/mobilesdk/osx/2.1.3.GA/android/titanium.jar => org/appcelerator/titanium/res/drawable/btn_picker_pressed.9.png
[DEBUG] from JAR /Users/Jean/Library/Application Support/Titanium/mobilesdk/osx/2.1.3.GA/android/titanium.jar => org/appcelerator/titanium/res/drawable/btn_picker_selected.9.png
[DEBUG] from JAR /Users/Jean/Library/Application Support/Titanium/mobilesdk/osx/2.1.3.GA/android/titanium.jar => org/appcelerator/titanium/res/drawable/default_icon.png
[DEBUG] from JAR /Users/Jean/Library/Application Support/Titanium/mobilesdk/osx/2.1.3.GA/android/titanium.jar => org/appcelerator/titanium/res/drawable/photoDefault.png
[DEBUG] installing native lib: /Users/Jean/Library/Application Support/Titanium/modules/android/ti.nartex.slidemenu/1.0/libs/armeabi/libti.nartex.slidemenu.so
[DEBUG] installing native lib: /Users/Jean/Library/Application Support/Titanium/modules/android/ti.nartex.slidemenu/1.0/libs/armeabi-v7a/libti.nartex.slidemenu.so
[DEBUG] installing native lib: /Users/Jean/Library/Application Support/Titanium/modules/android/ti.nartex.slidemenu/1.0/libs/x86/libti.nartex.slidemenu.so
[DEBUG] installing native SDK libs
[DEBUG] Waiting for device to be ready ...
[TRACE] adb devices returned 1 devices/emulators
[DEBUG] Device connected... (waited 0 seconds)
[DEBUG] waited 0.013261 seconds on emulator to get ready
[INFO] Installing application on device
[INFO] Application installed. Launch from drawer on Home Screen
